<?xml version="1.0" encoding="UTF-8"?>
<!-- Generated by org.testng.reporters.JUnitReportReporter -->
<testsuite hostname="LAPTOP-G5KEBRKS" failures="0" tests="1" name="appium.demo.InstallApp" time="17.109" errors="0" timestamp="2022-08-17T17:34:20 IST" skipped="0">
  <testcase classname="appium.demo.InstallApp" name="installApp" time="17.109"/>
  <system-out/>
</testsuite> <!-- appium.demo.InstallApp -->
