<?xml version="1.0" encoding="UTF-8"?>
<!-- Generated by org.testng.reporters.JUnitReportReporter -->
<testsuite hostname="LAPTOP-G5KEBRKS" failures="0" tests="1" name="appium.demo.UnInstall" time="19.204" errors="0" timestamp="2022-08-17T16:59:00 IST" skipped="0">
  <testcase classname="appium.demo.UnInstall" name="unInstall" time="19.204"/>
  <system-out/>
</testsuite> <!-- appium.demo.UnInstall -->
