<?xml version="1.0" encoding="UTF-8"?>
<!-- Generated by org.testng.reporters.JUnitReportReporter -->
<testsuite hostname="LAPTOP-G5KEBRKS" failures="0" tests="1" name="appium.demo.LaunchApp" time="15.613" errors="0" timestamp="2022-08-17T15:54:46 IST" skipped="0">
  <testcase classname="appium.demo.LaunchApp" name="launchApp" time="15.613"/>
  <system-out/>
</testsuite> <!-- appium.demo.LaunchApp -->
